<?xml version="1.0" encoding="UTF-8"?>
<!-- Generated by org.testng.reporters.JUnitReportReporter -->
<testsuite hostname="DESKTOP-DJ4FDME" failures="0" tests="1" name="calendar.DemoCalender" time="6.208" errors="0" timestamp="2024-12-11T23:47:13 IST" skipped="0">
  <testcase classname="calendar.DemoCalender" name="learnCalenar" time="6.208"/>
</testsuite> <!-- calendar.DemoCalender -->
